Performing C SOURCE FILE Test CMAKE_HAVE_LIBC_PTHREAD failed with the following output:
Change Dir: /home/jimmy/ws-lidar-as-camera-odom/build/signal-image-keypoints-odom/CMakeFiles/CMakeTmp

Run Build Command(s):/usr/bin/make cmTC_55220/fast && /usr/bin/make -f CMakeFiles/cmTC_55220.dir/build.make CMakeFiles/cmTC_55220.dir/build
make[1]: Entering directory '/home/jimmy/ws-lidar-as-camera-odom/build/signal-image-keypoints-odom/CMakeFiles/CMakeTmp'
Building C object CMakeFiles/cmTC_55220.dir/src.c.o
/usr/bin/cc   -DCMAKE_HAVE_LIBC_PTHREAD   -o CMakeFiles/cmTC_55220.dir/src.c.o   -c /home/jimmy/ws-lidar-as-camera-odom/build/signal-image-keypoints-odom/CMakeFiles/CMakeTmp/src.c
Linking C executable cmTC_55220
/usr/bin/cmake -E cmake_link_script CMakeFiles/cmTC_55220.dir/link.txt --verbose=1
/usr/bin/cc  -DCMAKE_HAVE_LIBC_PTHREAD    -rdynamic CMakeFiles/cmTC_55220.dir/src.c.o  -o cmTC_55220 
/usr/bin/ld: CMakeFiles/cmTC_55220.dir/src.c.o: in function `main':
src.c:(.text+0x46): undefined reference to `pthread_create'
/usr/bin/ld: src.c:(.text+0x52): undefined reference to `pthread_detach'
/usr/bin/ld: src.c:(.text+0x63): undefined reference to `pthread_join'
collect2: error: ld returned 1 exit status
make[1]: *** [CMakeFiles/cmTC_55220.dir/build.make:87: cmTC_55220] Error 1
make[1]: Leaving directory '/home/jimmy/ws-lidar-as-camera-odom/build/signal-image-keypoints-odom/CMakeFiles/CMakeTmp'
make: *** [Makefile:121: cmTC_55220/fast] Error 2


Source file was:
#include <pthread.h>

void* test_func(void* data)
{
  return data;
}

int main(void)
{
  pthread_t thread;
  pthread_create(&thread, NULL, test_func, NULL);
  pthread_detach(thread);
  pthread_join(thread, NULL);
  pthread_atfork(NULL, NULL, NULL);
  pthread_exit(NULL);

  return 0;
}

Determining if the function pthread_create exists in the pthreads failed with the following output:
Change Dir: /home/jimmy/ws-lidar-as-camera-odom/build/signal-image-keypoints-odom/CMakeFiles/CMakeTmp

Run Build Command(s):/usr/bin/make cmTC_f4a2b/fast && /usr/bin/make -f CMakeFiles/cmTC_f4a2b.dir/build.make CMakeFiles/cmTC_f4a2b.dir/build
make[1]: Entering directory '/home/jimmy/ws-lidar-as-camera-odom/build/signal-image-keypoints-odom/CMakeFiles/CMakeTmp'
Building C object CMakeFiles/cmTC_f4a2b.dir/CheckFunctionExists.c.o
/usr/bin/cc   -DCHECK_FUNCTION_EXISTS=pthread_create   -o CMakeFiles/cmTC_f4a2b.dir/CheckFunctionExists.c.o   -c /usr/share/cmake-3.16/Modules/CheckFunctionExists.c
Linking C executable cmTC_f4a2b
/usr/bin/cmake -E cmake_link_script CMakeFiles/cmTC_f4a2b.dir/link.txt --verbose=1
/usr/bin/cc  -DCHECK_FUNCTION_EXISTS=pthread_create    -rdynamic CMakeFiles/cmTC_f4a2b.dir/CheckFunctionExists.c.o  -o cmTC_f4a2b  -lpthreads 
/usr/bin/ld: cannot find -lpthreads
collect2: error: ld returned 1 exit status
make[1]: *** [CMakeFiles/cmTC_f4a2b.dir/build.make:87: cmTC_f4a2b] Error 1
make[1]: Leaving directory '/home/jimmy/ws-lidar-as-camera-odom/build/signal-image-keypoints-odom/CMakeFiles/CMakeTmp'
make: *** [Makefile:121: cmTC_f4a2b/fast] Error 2



